-- Test detection in bitmap or
LOAD 'pg_no_seqscan';
SET pg_no_seqscan.level = ERROR;
-- Setup
CREATE TABLE foo (id bigint, value text, category text);
INSERT INTO foo SELECT i, 'value' || i, CASE WHEN i % 2 = 0 THEN 'even' ELSE 'odd' END FROM generate_series(1, 10000) i;
CREATE INDEX idx_foo_value ON foo(value);
CREATE INDEX idx_foo_category ON foo(category);
-- Show query plan
EXPLAIN SELECT count(*) FROM foo WHERE value = 'value1' AND category = 'even';
                                         QUERY PLAN
--------------------------------------------------------------------------------------------
 Aggregate  (cost=13.59..13.60 rows=1 width=8)
   ->  Bitmap Heap Scan on foo  (cost=9.57..13.59 rows=1 width=0)
         Recheck Cond: ((category = 'even'::text) AND (value = 'value1'::text))
         ->  BitmapAnd  (cost=9.57..9.57 rows=1 width=0)
               ->  Bitmap Index Scan on idx_foo_category  (cost=0.00..4.66 rows=50 width=0)
                     Index Cond: (category = 'even'::text)
               ->  Bitmap Index Scan on idx_foo_value  (cost=0.00..4.66 rows=50 width=0)
                     Index Cond: (value = 'value1'::text)
(8 rows)

-- Should pass as it uses bitmap and
SELECT count(*) FROM foo WHERE value LIKE 'value%' AND category = 'even';
 count
-------
  5000
(1 row)

-- Cleanup
DROP TABLE foo;
