-- Test that EXPLAIN queries are ignored
SET pg_no_seqscan.level = ERROR;
CREATE TABLE test_explain AS (SELECT * FROM generate_series(1,10) AS id);
-- EXPLAIN should not trigger errors
EXPLAIN SELECT * FROM test_explain;
                           QUERY PLAN                           
----------------------------------------------------------------
 Seq Scan on test_explain  (cost=0.00..35.50 rows=2550 width=4)
(1 row)

-- EXPLAIN ANALYZE should not trigger errors
EXPLAIN (ANALYZE, TIMING OFF, SUMMARY OFF) SELECT * FROM test_explain;
                                       QUERY PLAN                                        
-----------------------------------------------------------------------------------------
 Seq Scan on test_explain  (cost=0.00..35.50 rows=2550 width=4) (actual rows=10 loops=1)
(1 row)

-- But regular query should trigger error
SELECT * FROM test_explain;
ERROR:  A 'Sequential Scan' on test_explain has been detected.
  - Run an EXPLAIN on your query to check the query plan.
  - Make sure the query is compatible with the existing indexes.

Query: SELECT * FROM test_explain;

-- cleanup
drop table test_explain;
